<?xml version="1.0" encoding="UTF-8"?>
<testng-results skipped="0" failed="1" ignored="0" total="1" passed="0">
  <reporter-output>
  </reporter-output>
  <suite name="Default suite" duration-ms="356922" started-at="2020-07-17T15:04:37 AEST" finished-at="2020-07-17T15:10:34 AEST">
    <groups>
      <group name="functionalTest">
        <method signature="BookHotelVerificationTest.User_is_able_to_book_a_hotel()[pri:0, instance:com.adactin.Mobileapphoteladactin1.tests.BookHotelVerificationTest@212b5695]" name="User_is_able_to_book_a_hotel" class="com.adactin.Mobileapphoteladactin1.tests.BookHotelVerificationTest"/>
      </group> <!-- functionalTest -->
    </groups>
    <test name="Default test" duration-ms="356922" started-at="2020-07-17T15:04:37 AEST" finished-at="2020-07-17T15:10:34 AEST">
      <class name="com.adactin.Mobileapphoteladactin1.tests.BookHotelVerificationTest">
        <test-method status="FAIL" signature="User_is_able_to_book_a_hotel()[pri:0, instance:com.adactin.Mobileapphoteladactin1.tests.BookHotelVerificationTest@212b5695]" name="User_is_able_to_book_a_hotel" duration-ms="356317" started-at="2020-07-17T15:04:37 AEST" finished-at="2020-07-17T15:10:33 AEST">
          <exception class="java.lang.AssertionError">
            <message>
              <![CDATA[expected [true] but found [false]]]>
            </message>
            <full-stacktrace>
              <![CDATA[java.lang.AssertionError: expected [true] but found [false]
at org.testng.Assert.fail(Assert.java:97)
at org.testng.Assert.failNotEquals(Assert.java:969)
at org.testng.Assert.assertTrue(Assert.java:43)
at org.testng.Assert.assertTrue(Assert.java:53)
at com.adactin.Mobileapphoteladactin1.tests.BookHotelVerificationTest.User_is_able_to_book_a_hotel(BookHotelVerificationTest.java:98)
at sun.reflect.NativeMethodAccessorImpl.invoke0(Native Method)
at sun.reflect.NativeMethodAccessorImpl.invoke(NativeMethodAccessorImpl.java:62)
at sun.reflect.DelegatingMethodAccessorImpl.invoke(DelegatingMethodAccessorImpl.java:43)
at java.lang.reflect.Method.invoke(Method.java:498)
at org.testng.internal.MethodInvocationHelper.invokeMethod(MethodInvocationHelper.java:134)
at org.testng.internal.TestInvoker.invokeMethod(TestInvoker.java:597)
at org.testng.internal.TestInvoker.invokeTestMethod(TestInvoker.java:173)
at org.testng.internal.MethodRunner.runInSequence(MethodRunner.java:46)
at org.testng.internal.TestInvoker$MethodInvocationAgent.invoke(TestInvoker.java:816)
at org.testng.internal.TestInvoker.invokeTestMethods(TestInvoker.java:146)
at org.testng.internal.TestMethodWorker.invokeTestMethods(TestMethodWorker.java:146)
at org.testng.internal.TestMethodWorker.run(TestMethodWorker.java:128)
at java.util.ArrayList.forEach(ArrayList.java:1257)
at org.testng.TestRunner.privateRun(TestRunner.java:766)
at org.testng.TestRunner.run(TestRunner.java:587)
at org.testng.SuiteRunner.runTest(SuiteRunner.java:384)
at org.testng.SuiteRunner.runSequentially(SuiteRunner.java:378)
at org.testng.SuiteRunner.privateRun(SuiteRunner.java:337)
at org.testng.SuiteRunner.run(SuiteRunner.java:286)
at org.testng.SuiteRunnerWorker.runSuite(SuiteRunnerWorker.java:53)
at org.testng.SuiteRunnerWorker.run(SuiteRunnerWorker.java:96)
at org.testng.TestNG.runSuitesSequentially(TestNG.java:1187)
at org.testng.TestNG.runSuitesLocally(TestNG.java:1109)
at org.testng.TestNG.runSuites(TestNG.java:1039)
at org.testng.TestNG.run(TestNG.java:1007)
at org.testng.remote.AbstractRemoteTestNG.run(AbstractRemoteTestNG.java:115)
at org.testng.remote.RemoteTestNG.initAndRun(RemoteTestNG.java:251)
at org.testng.remote.RemoteTestNG.main(RemoteTestNG.java:77)
]]>
            </full-stacktrace>
          </exception> <!-- java.lang.AssertionError -->
          <reporter-output>
          </reporter-output>
        </test-method> <!-- User_is_able_to_book_a_hotel -->
        <test-method status="PASS" signature="closeSession()[pri:0, instance:com.adactin.Mobileapphoteladactin1.tests.BookHotelVerificationTest@212b5695]" name="closeSession" is-config="true" duration-ms="476" started-at="2020-07-17T15:10:33 AEST" finished-at="2020-07-17T15:10:34 AEST">
          <reporter-output>
          </reporter-output>
        </test-method> <!-- closeSession -->
        <test-method status="PASS" signature="closeApp()[pri:0, instance:com.adactin.Mobileapphoteladactin1.tests.BookHotelVerificationTest@212b5695]" name="closeApp" is-config="true" duration-ms="0" started-at="2020-07-17T15:10:34 AEST" depends-on-methods="com.adactin.Mobileapphoteladactin1.tests.BookHotelVerificationTest.closeSession" finished-at="2020-07-17T15:10:34 AEST">
          <reporter-output>
          </reporter-output>
        </test-method> <!-- closeApp -->
      </class> <!-- com.adactin.Mobileapphoteladactin1.tests.BookHotelVerificationTest -->
    </test> <!-- Default test -->
  </suite> <!-- Default suite -->
</testng-results>
